<!DOCTYPE html PUBLIC "-//W3C//DTD XHTML 1.1//EN" "http://www.w3.org/TR/xhtml11/DTD/xhtml11.dtd">
<html xmlns="http://www.w3.org/1999/xhtml"><head><title>TestNG Report</title><style type="text/css">table {margin-bottom:10px;border-collapse:collapse;empty-cells:show}th,td {border:1px solid #009;padding:.25em .5em}th {vertical-align:bottom}td {vertical-align:top}table a {font-weight:bold}.stripe td {background-color: #E6EBF9}.num {text-align:right}.passedodd td {background-color: #3F3}.passedeven td {background-color: #0A0}.skippedodd td {background-color: #DDD}.skippedeven td {background-color: #CCC}.failedodd td,.attn {background-color: #F33}.failedeven td,.stripe .attn {background-color: #D00}.stacktrace {white-space:pre;font-family:monospace}.totop {font-size:85%;text-align:center;border-bottom:2px solid #000}</style></head><body><table><tr><th>Test</th><th># Passed</th><th># Skipped</th><th># Failed</th><th>Time (ms)</th><th>Included Groups</th><th>Excluded Groups</th></tr><tr><th colspan="7">Default suite</th></tr><tr><td><a href="#t0">Default test</a></td><td class="num">0</td><td class="num attn">16</td><td class="num">0</td><td class="num">48,441</td><td></td><td></td></tr></table><table><thead><tr><th>Class</th><th>Method</th><th>Start</th><th>Time (ms)</th></tr></thead><tbody><tr><th colspan="4">Default suite</th></tr></tbody><tbody id="t0"><tr><th colspan="4">Default test &#8212; failed (configuration methods)</th></tr><tr class="failedeven"><td rowspan="1">TestCases.TestUnitDemo</td><td><a href="#m0">stup</a></td><td rowspan="1">1508738385086</td><td rowspan="1">0</td></tr><tr><th colspan="4">Default test &#8212; skipped (configuration methods)</th></tr><tr class="skippedeven"><td rowspan="1">TestCases.TestUnitDemo</td><td><a href="#m1">after</a></td><td rowspan="1">1508738433522</td><td rowspan="1">0</td></tr><tr><th colspan="4">Default test &#8212; skipped</th></tr><tr class="skippedeven"><td rowspan="16">TestCases.TestUnitDemo</td><td><a href="#m2">case1</a></td><td rowspan="1">1508738433440</td><td rowspan="1">3</td></tr><tr class="skippedeven"><td><a href="#m3">case2</a></td><td rowspan="1">1508738433445</td><td rowspan="1">3</td></tr><tr class="skippedeven"><td><a href="#m4">case3</a></td><td rowspan="1">1508738433450</td><td rowspan="1">2</td></tr><tr class="skippedeven"><td><a href="#m5">case4</a></td><td rowspan="1">1508738433454</td><td rowspan="1">2</td></tr><tr class="skippedeven"><td><a href="#m6">case5</a></td><td rowspan="1">1508738433457</td><td rowspan="1">3</td></tr><tr class="skippedeven"><td><a href="#m7">case6</a></td><td rowspan="1">1508738433463</td><td rowspan="1">2</td></tr><tr class="skippedeven"><td><a href="#m8">case7</a></td><td rowspan="1">1508738433467</td><td rowspan="1">2</td></tr><tr class="skippedeven"><td><a href="#m9">case8</a></td><td rowspan="1">1508738433472</td><td rowspan="1">2</td></tr><tr class="skippedeven"><td><a href="#m10">case9</a></td><td rowspan="1">1508738433476</td><td rowspan="1">2</td></tr><tr class="skippedeven"><td><a href="#m11">case_10</a></td><td rowspan="1">1508738433480</td><td rowspan="1">2</td></tr><tr class="skippedeven"><td><a href="#m12">case_11</a></td><td rowspan="1">1508738433485</td><td rowspan="1">3</td></tr><tr class="skippedeven"><td><a href="#m13">case_12</a></td><td rowspan="1">1508738433493</td><td rowspan="1">4</td></tr><tr class="skippedeven"><td><a href="#m14">case_13</a></td><td rowspan="1">1508738433499</td><td rowspan="1">2</td></tr><tr class="skippedeven"><td><a href="#m15">case_14</a></td><td rowspan="1">1508738433505</td><td rowspan="1">2</td></tr><tr class="skippedeven"><td><a href="#m16">case_15</a></td><td rowspan="1">1508738433509</td><td rowspan="1">3</td></tr><tr class="skippedeven"><td><a href="#m17">case_16</a></td><td rowspan="1">1508738433516</td><td rowspan="1">2</td></tr></tbody></table><h2>Default test</h2><h3 id="m0">TestCases.TestUnitDemo#stup</h3><table class="result"><tr><th>Exception</th></tr><tr><td><div class="stacktrace">org.openqa.selenium.WebDriverException: Failed to connect to binary FirefoxBinary(C:\Program Files\Mozilla Firefox\firefox.exe) on port 7055; process output follows: 
ootstrap method startup on firefox@getpocket.com version 1.0.2
1508738391405	addons.xpi	DEBUG	Registering manifest for C:\Program Files\Mozilla Firefox\browser\features\loop@mozilla.org.xpi
1508738391406	addons.xpi	DEBUG	Loading bootstrap scope from C:\Program Files\Mozilla Firefox\browser\features\loop@mozilla.org.xpi
1508738391410	addons.xpi	DEBUG	Calling bootstrap method startup on loop@mozilla.org version 1.3.2
1508738391425	addons.manager	DEBUG	Registering shutdown blocker for XPIProvider
1508738391426	addons.manager	DEBUG	Provider finished startup: XPIProvider
1508738391426	addons.manager	DEBUG	Starting provider: LightweightThemeManager
1508738391426	addons.manager	DEBUG	Registering shutdown blocker for LightweightThemeManager
1508738391429	addons.manager	DEBUG	Provider finished startup: LightweightThemeManager
1508738391430	addons.manager	DEBUG	Starting provider: GMPProvider
1508738391438	addons.manager	DEBUG	Registering shutdown blocker for GMPProvider
1508738391438	addons.manager	DEBUG	Provider finished startup: GMPProvider
1508738391438	addons.manager	DEBUG	Starting provider: PluginProvider
1508738391438	addons.manager	DEBUG	Registering shutdown blocker for PluginProvider
1508738391438	addons.manager	DEBUG	Provider finished startup: PluginProvider
1508738391438	addons.manager	DEBUG	Completed startup sequence
JavaScript error: resource://cpmanager-clv/CCLVData.jsm, line 46: NS_NOINTERFACE: Component returned failure code: 0x80004002 (NS_NOINTERFACE) [nsIFileURL.file]
1508738391886	addons.manager	DEBUG	Starting provider: &lt;unnamed-provider&gt;
1508738391886	addons.manager	DEBUG	Registering shutdown blocker for &lt;unnamed-provider&gt;
1508738391886	addons.manager	DEBUG	Provider finished startup: &lt;unnamed-provider&gt;
1508738391888	DeferredSave.extensions.json	DEBUG	Starting write
JavaScript warning: resource://gre/modules/commonjs/toolkit/loader.js -&gt; resource://gre/modules/commonjs/sdk/system/environment.js, line 15: Proxy.create and Proxy.createFunction are deprecated, use new Proxy instead
JavaScript error: resource://cmsafeflag/SkipSBData.jsm, line 46: NS_NOINTERFACE: Component returned failure code: 0x80004002 (NS_NOINTERFACE) [nsIFileURL.file]
JavaScript error: resource://cmsafeflag/SkipSBData.jsm, line 85: TypeError: aFile is undefined
JavaScript error: resource://cmsafeflag/SkipSBData.jsm, line 85: TypeError: aFile is undefined
JavaScript error: resource://cmsafeflag/SkipSBData.jsm, line 85: TypeError: aFile is undefined
1508738392081	addons.manager	DEBUG	Starting provider: PreviousExperimentProvider
1508738392081	addons.manager	DEBUG	Registering shutdown blocker for PreviousExperimentProvider
1508738392081	addons.manager	DEBUG	Provider finished startup: PreviousExperimentProvider
1508738392083	DeferredSave.extensions.json	DEBUG	Write succeeded
JavaScript error: resource://cmsafeflag/SkipSBData.jsm, line 85: TypeError: aFile is undefined
JavaScript error: resource://cmsafeflag/SkipSBData.jsm, line 85: TypeError: aFile is undefined
JavaScript error: resource://cmsafeflag/SkipSBData.jsm, line 85: TypeError: aFile is undefined
JavaScript error: resource://cmsafeflag/SkipSBData.jsm, line 85: TypeError: aFile is undefined
JavaScript error: resource://cmsafeflag/SkipSBData.jsm, line 85: TypeError: aFile is undefined
JavaScript error: chrome://selenium-ide/content/selenium-ide-overlay.js, line 274: ReferenceError: Application is not defined
JavaScript error: chrome://coba/content/overlay.js, line 868: NS_ERROR_FAILURE: Component returned failure code: 0x80004005 (NS_ERROR_FAILURE) [nsIWindowsRegKey.open]
JavaScript error: resource://cmsafeflag/SkipSBData.jsm, line 85: TypeError: aFile is undefined
JavaScript error: resource://cmsafeflag/SkipSBData.jsm, line 85: TypeError: aFile is undefined
JavaScript error: resource://cmsafeflag/SkipSBData.jsm, line 85: TypeError: aFile is undefined
JavaScript error: chrome://browser/content/browser.js, line 7339: TypeError: aPopupMenu.triggerNode is null
JavaScript error: resource://cmsafeflag/SkipSBData.jsm, line 85: TypeError: aFile is undefined

Build info: version: &apos;2.53.0&apos;, revision: &apos;35ae25b&apos;, time: &apos;2016-03-15 17:00:58&apos;
System info: host: &apos;King&apos;, ip: &apos;192.168.98.2&apos;, os.name: &apos;Windows 8.1&apos;, os.arch: &apos;amd64&apos;, os.version: &apos;6.3&apos;, java.version: &apos;1.8.0_91&apos;
Driver info: driver.version: FirefoxDriver
	at org.openqa.selenium.firefox.internal.NewProfileExtensionConnection.start(NewProfileExtensionConnection.java:124)
	at org.openqa.selenium.firefox.FirefoxDriver.startClient(FirefoxDriver.java:271)
	at org.openqa.selenium.remote.RemoteWebDriver.&lt;init&gt;(RemoteWebDriver.java:119)
	at org.openqa.selenium.firefox.FirefoxDriver.&lt;init&gt;(FirefoxDriver.java:218)
	at org.openqa.selenium.firefox.FirefoxDriver.&lt;init&gt;(FirefoxDriver.java:211)
	at org.openqa.selenium.firefox.FirefoxDriver.&lt;init&gt;(FirefoxDriver.java:207)
	at org.openqa.selenium.firefox.FirefoxDriver.&lt;init&gt;(FirefoxDriver.java:124)
	at com.dafycredit.giveu.test.util.TestXmlHelper.AppointFirefoxDriver(TestXmlHelper.java:77)
	at com.dafycredit.giveu.test.util.TestXmlHelper.parse(TestXmlHelper.java:122)
	at TestCases.TestUnitDemo.stup(TestUnitDemo.java:16)
	at sun.reflect.NativeMethodAccessorImpl.invoke0(Native Method)
	at sun.reflect.NativeMethodAccessorImpl.invoke(Unknown Source)
	at sun.reflect.DelegatingMethodAccessorImpl.invoke(Unknown Source)
	at java.lang.reflect.Method.invoke(Unknown Source)
	at org.testng.internal.MethodInvocationHelper.invokeMethod(MethodInvocationHelper.java:84)
	at org.testng.internal.Invoker.invokeConfigurationMethod(Invoker.java:564)
	at org.testng.internal.Invoker.invokeConfigurations(Invoker.java:213)
	at org.testng.internal.Invoker.invokeConfigurations(Invoker.java:138)
	at org.testng.TestRunner.beforeRun(TestRunner.java:641)
	at org.testng.TestRunner.run(TestRunner.java:609)
	at org.testng.SuiteRunner.runTest(SuiteRunner.java:334)
	at org.testng.SuiteRunner.runSequentially(SuiteRunner.java:329)
	at org.testng.SuiteRunner.privateRun(SuiteRunner.java:291)
	at org.testng.SuiteRunner.run(SuiteRunner.java:240)
	at org.testng.SuiteRunnerWorker.runSuite(SuiteRunnerWorker.java:52)
	at org.testng.SuiteRunnerWorker.run(SuiteRunnerWorker.java:86)
	at org.testng.TestNG.runSuitesSequentially(TestNG.java:1224)
	at org.testng.TestNG.runSuitesLocally(TestNG.java:1149)
	at org.testng.TestNG.run(TestNG.java:1057)
	at org.testng.remote.AbstractRemoteTestNG.run(AbstractRemoteTestNG.java:132)
	at org.testng.remote.RemoteTestNG.initAndRun(RemoteTestNG.java:236)
	at org.testng.remote.RemoteTestNG.main(RemoteTestNG.java:81)
Caused by: org.openqa.selenium.firefox.NotConnectedException: Unable to connect to host 127.0.0.1 on port 7055 after 45000 ms. Firefox console output:
ootstrap method startup on firefox@getpocket.com version 1.0.2
1508738391405	addons.xpi	DEBUG	Registering manifest for C:\Program Files\Mozilla Firefox\browser\features\loop@mozilla.org.xpi
1508738391406	addons.xpi	DEBUG	Loading bootstrap scope from C:\Program Files\Mozilla Firefox\browser\features\loop@mozilla.org.xpi
1508738391410	addons.xpi	DEBUG	Calling bootstrap method startup on loop@mozilla.org version 1.3.2
1508738391425	addons.manager	DEBUG	Registering shutdown blocker for XPIProvider
1508738391426	addons.manager	DEBUG	Provider finished startup: XPIProvider
1508738391426	addons.manager	DEBUG	Starting provider: LightweightThemeManager
1508738391426	addons.manager	DEBUG	Registering shutdown blocker for LightweightThemeManager
1508738391429	addons.manager	DEBUG	Provider finished startup: LightweightThemeManager
1508738391430	addons.manager	DEBUG	Starting provider: GMPProvider
1508738391438	addons.manager	DEBUG	Registering shutdown blocker for GMPProvider
1508738391438	addons.manager	DEBUG	Provider finished startup: GMPProvider
1508738391438	addons.manager	DEBUG	Starting provider: PluginProvider
1508738391438	addons.manager	DEBUG	Registering shutdown blocker for PluginProvider
1508738391438	addons.manager	DEBUG	Provider finished startup: PluginProvider
1508738391438	addons.manager	DEBUG	Completed startup sequence
JavaScript error: resource://cpmanager-clv/CCLVData.jsm, line 46: NS_NOINTERFACE: Component returned failure code: 0x80004002 (NS_NOINTERFACE) [nsIFileURL.file]
1508738391886	addons.manager	DEBUG	Starting provider: &lt;unnamed-provider&gt;
1508738391886	addons.manager	DEBUG	Registering shutdown blocker for &lt;unnamed-provider&gt;
1508738391886	addons.manager	DEBUG	Provider finished startup: &lt;unnamed-provider&gt;
1508738391888	DeferredSave.extensions.json	DEBUG	Starting write
JavaScript warning: resource://gre/modules/commonjs/toolkit/loader.js -&gt; resource://gre/modules/commonjs/sdk/system/environment.js, line 15: Proxy.create and Proxy.createFunction are deprecated, use new Proxy instead
JavaScript error: resource://cmsafeflag/SkipSBData.jsm, line 46: NS_NOINTERFACE: Component returned failure code: 0x80004002 (NS_NOINTERFACE) [nsIFileURL.file]
JavaScript error: resource://cmsafeflag/SkipSBData.jsm, line 85: TypeError: aFile is undefined
JavaScript error: resource://cmsafeflag/SkipSBData.jsm, line 85: TypeError: aFile is undefined
JavaScript error: resource://cmsafeflag/SkipSBData.jsm, line 85: TypeError: aFile is undefined
1508738392081	addons.manager	DEBUG	Starting provider: PreviousExperimentProvider
1508738392081	addons.manager	DEBUG	Registering shutdown blocker for PreviousExperimentProvider
1508738392081	addons.manager	DEBUG	Provider finished startup: PreviousExperimentProvider
1508738392083	DeferredSave.extensions.json	DEBUG	Write succeeded
JavaScript error: resource://cmsafeflag/SkipSBData.jsm, line 85: TypeError: aFile is undefined
JavaScript error: resource://cmsafeflag/SkipSBData.jsm, line 85: TypeError: aFile is undefined
JavaScript error: resource://cmsafeflag/SkipSBData.jsm, line 85: TypeError: aFile is undefined
JavaScript error: resource://cmsafeflag/SkipSBData.jsm, line 85: TypeError: aFile is undefined
JavaScript error: resource://cmsafeflag/SkipSBData.jsm, line 85: TypeError: aFile is undefined
JavaScript error: chrome://selenium-ide/content/selenium-ide-overlay.js, line 274: ReferenceError: Application is not defined
JavaScript error: chrome://coba/content/overlay.js, line 868: NS_ERROR_FAILURE: Component returned failure code: 0x80004005 (NS_ERROR_FAILURE) [nsIWindowsRegKey.open]
JavaScript error: resource://cmsafeflag/SkipSBData.jsm, line 85: TypeError: aFile is undefined
JavaScript error: resource://cmsafeflag/SkipSBData.jsm, line 85: TypeError: aFile is undefined
JavaScript error: resource://cmsafeflag/SkipSBData.jsm, line 85: TypeError: aFile is undefined
JavaScript error: chrome://browser/content/browser.js, line 7339: TypeError: aPopupMenu.triggerNode is null
JavaScript error: resource://cmsafeflag/SkipSBData.jsm, line 85: TypeError: aFile is undefined

	at org.openqa.selenium.firefox.internal.NewProfileExtensionConnection.start(NewProfileExtensionConnection.java:112)
	... 31 more
</div></td></tr></table><p class="totop"><a href="#summary">back to summary</a></p><h3 id="m1">TestCases.TestUnitDemo#after</h3><table class="result"></table><p class="totop"><a href="#summary">back to summary</a></p><h3 id="m2">TestCases.TestUnitDemo#case1</h3><table class="result"></table><p class="totop"><a href="#summary">back to summary</a></p><h3 id="m3">TestCases.TestUnitDemo#case2</h3><table class="result"></table><p class="totop"><a href="#summary">back to summary</a></p><h3 id="m4">TestCases.TestUnitDemo#case3</h3><table class="result"></table><p class="totop"><a href="#summary">back to summary</a></p><h3 id="m5">TestCases.TestUnitDemo#case4</h3><table class="result"></table><p class="totop"><a href="#summary">back to summary</a></p><h3 id="m6">TestCases.TestUnitDemo#case5</h3><table class="result"></table><p class="totop"><a href="#summary">back to summary</a></p><h3 id="m7">TestCases.TestUnitDemo#case6</h3><table class="result"></table><p class="totop"><a href="#summary">back to summary</a></p><h3 id="m8">TestCases.TestUnitDemo#case7</h3><table class="result"></table><p class="totop"><a href="#summary">back to summary</a></p><h3 id="m9">TestCases.TestUnitDemo#case8</h3><table class="result"></table><p class="totop"><a href="#summary">back to summary</a></p><h3 id="m10">TestCases.TestUnitDemo#case9</h3><table class="result"></table><p class="totop"><a href="#summary">back to summary</a></p><h3 id="m11">TestCases.TestUnitDemo#case_10</h3><table class="result"></table><p class="totop"><a href="#summary">back to summary</a></p><h3 id="m12">TestCases.TestUnitDemo#case_11</h3><table class="result"></table><p class="totop"><a href="#summary">back to summary</a></p><h3 id="m13">TestCases.TestUnitDemo#case_12</h3><table class="result"></table><p class="totop"><a href="#summary">back to summary</a></p><h3 id="m14">TestCases.TestUnitDemo#case_13</h3><table class="result"></table><p class="totop"><a href="#summary">back to summary</a></p><h3 id="m15">TestCases.TestUnitDemo#case_14</h3><table class="result"></table><p class="totop"><a href="#summary">back to summary</a></p><h3 id="m16">TestCases.TestUnitDemo#case_15</h3><table class="result"></table><p class="totop"><a href="#summary">back to summary</a></p><h3 id="m17">TestCases.TestUnitDemo#case_16</h3><table class="result"></table><p class="totop"><a href="#summary">back to summary</a></p></body></html>