<?xml version="1.0" encoding="UTF-8"?>
<testng-results skipped="16" failed="0" total="16" passed="0">
  <reporter-output>
  </reporter-output>
  <suite name="Default suite" duration-ms="48441" started-at="2017-10-23T05:59:45Z" finished-at="2017-10-23T06:00:33Z">
    <groups>
    </groups>
    <test name="Default test" duration-ms="48441" started-at="2017-10-23T05:59:45Z" finished-at="2017-10-23T06:00:33Z">
      <class name="TestCases.TestUnitDemo">
        <test-method status="FAIL" signature="stup()[pri:0, instance:TestCases.TestUnitDemo@6cc4c815]" name="stup" is-config="true" duration-ms="0" started-at="2017-10-23T13:59:45Z" finished-at="2017-10-23T13:59:45Z">
          <exception class="org.openqa.selenium.WebDriverException">
            <message>
              <![CDATA[Failed to connect to binary FirefoxBinary(C:\Program Files\Mozilla Firefox\firefox.exe) on port 7055; process output follows: 
ootstrap method startup on firefox@getpocket.com version 1.0.2
1508738391405	addons.xpi	DEBUG	Registering manifest for C:\Program Files\Mozilla Firefox\browser\features\loop@mozilla.org.xpi
1508738391406	addons.xpi	DEBUG	Loading bootstrap scope from C:\Program Files\Mozilla Firefox\browser\features\loop@mozilla.org.xpi
1508738391410	addons.xpi	DEBUG	Calling bootstrap method startup on loop@mozilla.org version 1.3.2
1508738391425	addons.manager	DEBUG	Registering shutdown blocker for XPIProvider
1508738391426	addons.manager	DEBUG	Provider finished startup: XPIProvider
1508738391426	addons.manager	DEBUG	Starting provider: LightweightThemeManager
1508738391426	addons.manager	DEBUG	Registering shutdown blocker for LightweightThemeManager
1508738391429	addons.manager	DEBUG	Provider finished startup: LightweightThemeManager
1508738391430	addons.manager	DEBUG	Starting provider: GMPProvider
1508738391438	addons.manager	DEBUG	Registering shutdown blocker for GMPProvider
1508738391438	addons.manager	DEBUG	Provider finished startup: GMPProvider
1508738391438	addons.manager	DEBUG	Starting provider: PluginProvider
1508738391438	addons.manager	DEBUG	Registering shutdown blocker for PluginProvider
1508738391438	addons.manager	DEBUG	Provider finished startup: PluginProvider
1508738391438	addons.manager	DEBUG	Completed startup sequence
JavaScript error: resource://cpmanager-clv/CCLVData.jsm, line 46: NS_NOINTERFACE: Component returned failure code: 0x80004002 (NS_NOINTERFACE) [nsIFileURL.file]
1508738391886	addons.manager	DEBUG	Starting provider: <unnamed-provider>
1508738391886	addons.manager	DEBUG	Registering shutdown blocker for <unnamed-provider>
1508738391886	addons.manager	DEBUG	Provider finished startup: <unnamed-provider>
1508738391888	DeferredSave.extensions.json	DEBUG	Starting write
JavaScript warning: resource://gre/modules/commonjs/toolkit/loader.js -> resource://gre/modules/commonjs/sdk/system/environment.js, line 15: Proxy.create and Proxy.createFunction are deprecated, use new Proxy instead
JavaScript error: resource://cmsafeflag/SkipSBData.jsm, line 46: NS_NOINTERFACE: Component returned failure code: 0x80004002 (NS_NOINTERFACE) [nsIFileURL.file]
JavaScript error: resource://cmsafeflag/SkipSBData.jsm, line 85: TypeError: aFile is undefined
JavaScript error: resource://cmsafeflag/SkipSBData.jsm, line 85: TypeError: aFile is undefined
JavaScript error: resource://cmsafeflag/SkipSBData.jsm, line 85: TypeError: aFile is undefined
1508738392081	addons.manager	DEBUG	Starting provider: PreviousExperimentProvider
1508738392081	addons.manager	DEBUG	Registering shutdown blocker for PreviousExperimentProvider
1508738392081	addons.manager	DEBUG	Provider finished startup: PreviousExperimentProvider
1508738392083	DeferredSave.extensions.json	DEBUG	Write succeeded
JavaScript error: resource://cmsafeflag/SkipSBData.jsm, line 85: TypeError: aFile is undefined
JavaScript error: resource://cmsafeflag/SkipSBData.jsm, line 85: TypeError: aFile is undefined
JavaScript error: resource://cmsafeflag/SkipSBData.jsm, line 85: TypeError: aFile is undefined
JavaScript error: resource://cmsafeflag/SkipSBData.jsm, line 85: TypeError: aFile is undefined
JavaScript error: resource://cmsafeflag/SkipSBData.jsm, line 85: TypeError: aFile is undefined
JavaScript error: chrome://selenium-ide/content/selenium-ide-overlay.js, line 274: ReferenceError: Application is not defined
JavaScript error: chrome://coba/content/overlay.js, line 868: NS_ERROR_FAILURE: Component returned failure code: 0x80004005 (NS_ERROR_FAILURE) [nsIWindowsRegKey.open]
JavaScript error: resource://cmsafeflag/SkipSBData.jsm, line 85: TypeError: aFile is undefined
JavaScript error: resource://cmsafeflag/SkipSBData.jsm, line 85: TypeError: aFile is undefined
JavaScript error: resource://cmsafeflag/SkipSBData.jsm, line 85: TypeError: aFile is undefined
JavaScript error: chrome://browser/content/browser.js, line 7339: TypeError: aPopupMenu.triggerNode is null
JavaScript error: resource://cmsafeflag/SkipSBData.jsm, line 85: TypeError: aFile is undefined

Build info: version: '2.53.0', revision: '35ae25b', time: '2016-03-15 17:00:58'
System info: host: 'King', ip: '192.168.98.2', os.name: 'Windows 8.1', os.arch: 'amd64', os.version: '6.3', java.version: '1.8.0_91'
Driver info: driver.version: FirefoxDriver]]>
            </message>
            <full-stacktrace>
              <![CDATA[org.openqa.selenium.WebDriverException: Failed to connect to binary FirefoxBinary(C:\Program Files\Mozilla Firefox\firefox.exe) on port 7055; process output follows: 
ootstrap method startup on firefox@getpocket.com version 1.0.2
1508738391405	addons.xpi	DEBUG	Registering manifest for C:\Program Files\Mozilla Firefox\browser\features\loop@mozilla.org.xpi
1508738391406	addons.xpi	DEBUG	Loading bootstrap scope from C:\Program Files\Mozilla Firefox\browser\features\loop@mozilla.org.xpi
1508738391410	addons.xpi	DEBUG	Calling bootstrap method startup on loop@mozilla.org version 1.3.2
1508738391425	addons.manager	DEBUG	Registering shutdown blocker for XPIProvider
1508738391426	addons.manager	DEBUG	Provider finished startup: XPIProvider
1508738391426	addons.manager	DEBUG	Starting provider: LightweightThemeManager
1508738391426	addons.manager	DEBUG	Registering shutdown blocker for LightweightThemeManager
1508738391429	addons.manager	DEBUG	Provider finished startup: LightweightThemeManager
1508738391430	addons.manager	DEBUG	Starting provider: GMPProvider
1508738391438	addons.manager	DEBUG	Registering shutdown blocker for GMPProvider
1508738391438	addons.manager	DEBUG	Provider finished startup: GMPProvider
1508738391438	addons.manager	DEBUG	Starting provider: PluginProvider
1508738391438	addons.manager	DEBUG	Registering shutdown blocker for PluginProvider
1508738391438	addons.manager	DEBUG	Provider finished startup: PluginProvider
1508738391438	addons.manager	DEBUG	Completed startup sequence
JavaScript error: resource://cpmanager-clv/CCLVData.jsm, line 46: NS_NOINTERFACE: Component returned failure code: 0x80004002 (NS_NOINTERFACE) [nsIFileURL.file]
1508738391886	addons.manager	DEBUG	Starting provider: <unnamed-provider>
1508738391886	addons.manager	DEBUG	Registering shutdown blocker for <unnamed-provider>
1508738391886	addons.manager	DEBUG	Provider finished startup: <unnamed-provider>
1508738391888	DeferredSave.extensions.json	DEBUG	Starting write
JavaScript warning: resource://gre/modules/commonjs/toolkit/loader.js -> resource://gre/modules/commonjs/sdk/system/environment.js, line 15: Proxy.create and Proxy.createFunction are deprecated, use new Proxy instead
JavaScript error: resource://cmsafeflag/SkipSBData.jsm, line 46: NS_NOINTERFACE: Component returned failure code: 0x80004002 (NS_NOINTERFACE) [nsIFileURL.file]
JavaScript error: resource://cmsafeflag/SkipSBData.jsm, line 85: TypeError: aFile is undefined
JavaScript error: resource://cmsafeflag/SkipSBData.jsm, line 85: TypeError: aFile is undefined
JavaScript error: resource://cmsafeflag/SkipSBData.jsm, line 85: TypeError: aFile is undefined
1508738392081	addons.manager	DEBUG	Starting provider: PreviousExperimentProvider
1508738392081	addons.manager	DEBUG	Registering shutdown blocker for PreviousExperimentProvider
1508738392081	addons.manager	DEBUG	Provider finished startup: PreviousExperimentProvider
1508738392083	DeferredSave.extensions.json	DEBUG	Write succeeded
JavaScript error: resource://cmsafeflag/SkipSBData.jsm, line 85: TypeError: aFile is undefined
JavaScript error: resource://cmsafeflag/SkipSBData.jsm, line 85: TypeError: aFile is undefined
JavaScript error: resource://cmsafeflag/SkipSBData.jsm, line 85: TypeError: aFile is undefined
JavaScript error: resource://cmsafeflag/SkipSBData.jsm, line 85: TypeError: aFile is undefined
JavaScript error: resource://cmsafeflag/SkipSBData.jsm, line 85: TypeError: aFile is undefined
JavaScript error: chrome://selenium-ide/content/selenium-ide-overlay.js, line 274: ReferenceError: Application is not defined
JavaScript error: chrome://coba/content/overlay.js, line 868: NS_ERROR_FAILURE: Component returned failure code: 0x80004005 (NS_ERROR_FAILURE) [nsIWindowsRegKey.open]
JavaScript error: resource://cmsafeflag/SkipSBData.jsm, line 85: TypeError: aFile is undefined
JavaScript error: resource://cmsafeflag/SkipSBData.jsm, line 85: TypeError: aFile is undefined
JavaScript error: resource://cmsafeflag/SkipSBData.jsm, line 85: TypeError: aFile is undefined
JavaScript error: chrome://browser/content/browser.js, line 7339: TypeError: aPopupMenu.triggerNode is null
JavaScript error: resource://cmsafeflag/SkipSBData.jsm, line 85: TypeError: aFile is undefined

Build info: version: '2.53.0', revision: '35ae25b', time: '2016-03-15 17:00:58'
System info: host: 'King', ip: '192.168.98.2', os.name: 'Windows 8.1', os.arch: 'amd64', os.version: '6.3', java.version: '1.8.0_91'
Driver info: driver.version: FirefoxDriver
	at org.openqa.selenium.firefox.internal.NewProfileExtensionConnection.start(NewProfileExtensionConnection.java:124)
	at org.openqa.selenium.firefox.FirefoxDriver.startClient(FirefoxDriver.java:271)
	at org.openqa.selenium.remote.RemoteWebDriver.<init>(RemoteWebDriver.java:119)
	at org.openqa.selenium.firefox.FirefoxDriver.<init>(FirefoxDriver.java:218)
	at org.openqa.selenium.firefox.FirefoxDriver.<init>(FirefoxDriver.java:211)
	at org.openqa.selenium.firefox.FirefoxDriver.<init>(FirefoxDriver.java:207)
	at org.openqa.selenium.firefox.FirefoxDriver.<init>(FirefoxDriver.java:124)
	at com.dafycredit.giveu.test.util.TestXmlHelper.AppointFirefoxDriver(TestXmlHelper.java:77)
	at com.dafycredit.giveu.test.util.TestXmlHelper.parse(TestXmlHelper.java:122)
	at TestCases.TestUnitDemo.stup(TestUnitDemo.java:16)
	at sun.reflect.NativeMethodAccessorImpl.invoke0(Native Method)
	at sun.reflect.NativeMethodAccessorImpl.invoke(Unknown Source)
	at sun.reflect.DelegatingMethodAccessorImpl.invoke(Unknown Source)
	at java.lang.reflect.Method.invoke(Unknown Source)
	at org.testng.internal.MethodInvocationHelper.invokeMethod(MethodInvocationHelper.java:84)
	at org.testng.internal.Invoker.invokeConfigurationMethod(Invoker.java:564)
	at org.testng.internal.Invoker.invokeConfigurations(Invoker.java:213)
	at org.testng.internal.Invoker.invokeConfigurations(Invoker.java:138)
	at org.testng.TestRunner.beforeRun(TestRunner.java:641)
	at org.testng.TestRunner.run(TestRunner.java:609)
	at org.testng.SuiteRunner.runTest(SuiteRunner.java:334)
	at org.testng.SuiteRunner.runSequentially(SuiteRunner.java:329)
	at org.testng.SuiteRunner.privateRun(SuiteRunner.java:291)
	at org.testng.SuiteRunner.run(SuiteRunner.java:240)
	at org.testng.SuiteRunnerWorker.runSuite(SuiteRunnerWorker.java:52)
	at org.testng.SuiteRunnerWorker.run(SuiteRunnerWorker.java:86)
	at org.testng.TestNG.runSuitesSequentially(TestNG.java:1224)
	at org.testng.TestNG.runSuitesLocally(TestNG.java:1149)
	at org.testng.TestNG.run(TestNG.java:1057)
	at org.testng.remote.AbstractRemoteTestNG.run(AbstractRemoteTestNG.java:132)
	at org.testng.remote.RemoteTestNG.initAndRun(RemoteTestNG.java:236)
	at org.testng.remote.RemoteTestNG.main(RemoteTestNG.java:81)
Caused by: org.openqa.selenium.firefox.NotConnectedException: Unable to connect to host 127.0.0.1 on port 7055 after 45000 ms. Firefox console output:
ootstrap method startup on firefox@getpocket.com version 1.0.2
1508738391405	addons.xpi	DEBUG	Registering manifest for C:\Program Files\Mozilla Firefox\browser\features\loop@mozilla.org.xpi
1508738391406	addons.xpi	DEBUG	Loading bootstrap scope from C:\Program Files\Mozilla Firefox\browser\features\loop@mozilla.org.xpi
1508738391410	addons.xpi	DEBUG	Calling bootstrap method startup on loop@mozilla.org version 1.3.2
1508738391425	addons.manager	DEBUG	Registering shutdown blocker for XPIProvider
1508738391426	addons.manager	DEBUG	Provider finished startup: XPIProvider
1508738391426	addons.manager	DEBUG	Starting provider: LightweightThemeManager
1508738391426	addons.manager	DEBUG	Registering shutdown blocker for LightweightThemeManager
1508738391429	addons.manager	DEBUG	Provider finished startup: LightweightThemeManager
1508738391430	addons.manager	DEBUG	Starting provider: GMPProvider
1508738391438	addons.manager	DEBUG	Registering shutdown blocker for GMPProvider
1508738391438	addons.manager	DEBUG	Provider finished startup: GMPProvider
1508738391438	addons.manager	DEBUG	Starting provider: PluginProvider
1508738391438	addons.manager	DEBUG	Registering shutdown blocker for PluginProvider
1508738391438	addons.manager	DEBUG	Provider finished startup: PluginProvider
1508738391438	addons.manager	DEBUG	Completed startup sequence
JavaScript error: resource://cpmanager-clv/CCLVData.jsm, line 46: NS_NOINTERFACE: Component returned failure code: 0x80004002 (NS_NOINTERFACE) [nsIFileURL.file]
1508738391886	addons.manager	DEBUG	Starting provider: <unnamed-provider>
1508738391886	addons.manager	DEBUG	Registering shutdown blocker for <unnamed-provider>
1508738391886	addons.manager	DEBUG	Provider finished startup: <unnamed-provider>
1508738391888	DeferredSave.extensions.json	DEBUG	Starting write
JavaScript warning: resource://gre/modules/commonjs/toolkit/loader.js -> resource://gre/modules/commonjs/sdk/system/environment.js, line 15: Proxy.create and Proxy.createFunction are deprecated, use new Proxy instead
JavaScript error: resource://cmsafeflag/SkipSBData.jsm, line 46: NS_NOINTERFACE: Component returned failure code: 0x80004002 (NS_NOINTERFACE) [nsIFileURL.file]
JavaScript error: resource://cmsafeflag/SkipSBData.jsm, line 85: TypeError: aFile is undefined
JavaScript error: resource://cmsafeflag/SkipSBData.jsm, line 85: TypeError: aFile is undefined
JavaScript error: resource://cmsafeflag/SkipSBData.jsm, line 85: TypeError: aFile is undefined
1508738392081	addons.manager	DEBUG	Starting provider: PreviousExperimentProvider
1508738392081	addons.manager	DEBUG	Registering shutdown blocker for PreviousExperimentProvider
1508738392081	addons.manager	DEBUG	Provider finished startup: PreviousExperimentProvider
1508738392083	DeferredSave.extensions.json	DEBUG	Write succeeded
JavaScript error: resource://cmsafeflag/SkipSBData.jsm, line 85: TypeError: aFile is undefined
JavaScript error: resource://cmsafeflag/SkipSBData.jsm, line 85: TypeError: aFile is undefined
JavaScript error: resource://cmsafeflag/SkipSBData.jsm, line 85: TypeError: aFile is undefined
JavaScript error: resource://cmsafeflag/SkipSBData.jsm, line 85: TypeError: aFile is undefined
JavaScript error: resource://cmsafeflag/SkipSBData.jsm, line 85: TypeError: aFile is undefined
JavaScript error: chrome://selenium-ide/content/selenium-ide-overlay.js, line 274: ReferenceError: Application is not defined
JavaScript error: chrome://coba/content/overlay.js, line 868: NS_ERROR_FAILURE: Component returned failure code: 0x80004005 (NS_ERROR_FAILURE) [nsIWindowsRegKey.open]
JavaScript error: resource://cmsafeflag/SkipSBData.jsm, line 85: TypeError: aFile is undefined
JavaScript error: resource://cmsafeflag/SkipSBData.jsm, line 85: TypeError: aFile is undefined
JavaScript error: resource://cmsafeflag/SkipSBData.jsm, line 85: TypeError: aFile is undefined
JavaScript error: chrome://browser/content/browser.js, line 7339: TypeError: aPopupMenu.triggerNode is null
JavaScript error: resource://cmsafeflag/SkipSBData.jsm, line 85: TypeError: aFile is undefined

	at org.openqa.selenium.firefox.internal.NewProfileExtensionConnection.start(NewProfileExtensionConnection.java:112)
	... 31 more
]]>
            </full-stacktrace>
          </exception> <!-- org.openqa.selenium.WebDriverException -->
          <reporter-output>
          </reporter-output>
        </test-method> <!-- stup -->
        <test-method status="SKIP" signature="case1()[pri:0, instance:TestCases.TestUnitDemo@6cc4c815]" name="case1" duration-ms="3" started-at="2017-10-23T14:00:33Z" finished-at="2017-10-23T14:00:33Z">
          <reporter-output>
          </reporter-output>
        </test-method> <!-- case1 -->
        <test-method status="SKIP" signature="case2()[pri:0, instance:TestCases.TestUnitDemo@6cc4c815]" name="case2" duration-ms="3" started-at="2017-10-23T14:00:33Z" finished-at="2017-10-23T14:00:33Z">
          <reporter-output>
          </reporter-output>
        </test-method> <!-- case2 -->
        <test-method status="SKIP" signature="case3()[pri:0, instance:TestCases.TestUnitDemo@6cc4c815]" name="case3" duration-ms="2" started-at="2017-10-23T14:00:33Z" finished-at="2017-10-23T14:00:33Z">
          <reporter-output>
          </reporter-output>
        </test-method> <!-- case3 -->
        <test-method status="SKIP" signature="case4()[pri:0, instance:TestCases.TestUnitDemo@6cc4c815]" name="case4" duration-ms="2" started-at="2017-10-23T14:00:33Z" finished-at="2017-10-23T14:00:33Z">
          <reporter-output>
          </reporter-output>
        </test-method> <!-- case4 -->
        <test-method status="SKIP" signature="case5()[pri:0, instance:TestCases.TestUnitDemo@6cc4c815]" name="case5" duration-ms="3" started-at="2017-10-23T14:00:33Z" finished-at="2017-10-23T14:00:33Z">
          <reporter-output>
          </reporter-output>
        </test-method> <!-- case5 -->
        <test-method status="SKIP" signature="case6()[pri:0, instance:TestCases.TestUnitDemo@6cc4c815]" name="case6" duration-ms="2" started-at="2017-10-23T14:00:33Z" finished-at="2017-10-23T14:00:33Z">
          <reporter-output>
          </reporter-output>
        </test-method> <!-- case6 -->
        <test-method status="SKIP" signature="case7()[pri:0, instance:TestCases.TestUnitDemo@6cc4c815]" name="case7" duration-ms="2" started-at="2017-10-23T14:00:33Z" finished-at="2017-10-23T14:00:33Z">
          <reporter-output>
          </reporter-output>
        </test-method> <!-- case7 -->
        <test-method status="SKIP" signature="case8()[pri:0, instance:TestCases.TestUnitDemo@6cc4c815]" name="case8" duration-ms="2" started-at="2017-10-23T14:00:33Z" finished-at="2017-10-23T14:00:33Z">
          <reporter-output>
          </reporter-output>
        </test-method> <!-- case8 -->
        <test-method status="SKIP" signature="case9()[pri:0, instance:TestCases.TestUnitDemo@6cc4c815]" name="case9" duration-ms="2" started-at="2017-10-23T14:00:33Z" finished-at="2017-10-23T14:00:33Z">
          <reporter-output>
          </reporter-output>
        </test-method> <!-- case9 -->
        <test-method status="SKIP" signature="case_10()[pri:0, instance:TestCases.TestUnitDemo@6cc4c815]" name="case_10" duration-ms="2" started-at="2017-10-23T14:00:33Z" finished-at="2017-10-23T14:00:33Z">
          <reporter-output>
          </reporter-output>
        </test-method> <!-- case_10 -->
        <test-method status="SKIP" signature="case_11()[pri:0, instance:TestCases.TestUnitDemo@6cc4c815]" name="case_11" duration-ms="3" started-at="2017-10-23T14:00:33Z" finished-at="2017-10-23T14:00:33Z">
          <reporter-output>
          </reporter-output>
        </test-method> <!-- case_11 -->
        <test-method status="SKIP" signature="case_12()[pri:0, instance:TestCases.TestUnitDemo@6cc4c815]" name="case_12" duration-ms="4" started-at="2017-10-23T14:00:33Z" finished-at="2017-10-23T14:00:33Z">
          <reporter-output>
          </reporter-output>
        </test-method> <!-- case_12 -->
        <test-method status="SKIP" signature="case_13()[pri:0, instance:TestCases.TestUnitDemo@6cc4c815]" name="case_13" duration-ms="2" started-at="2017-10-23T14:00:33Z" finished-at="2017-10-23T14:00:33Z">
          <reporter-output>
          </reporter-output>
        </test-method> <!-- case_13 -->
        <test-method status="SKIP" signature="case_14()[pri:0, instance:TestCases.TestUnitDemo@6cc4c815]" name="case_14" duration-ms="2" started-at="2017-10-23T14:00:33Z" finished-at="2017-10-23T14:00:33Z">
          <reporter-output>
          </reporter-output>
        </test-method> <!-- case_14 -->
        <test-method status="SKIP" signature="case_15()[pri:0, instance:TestCases.TestUnitDemo@6cc4c815]" name="case_15" duration-ms="3" started-at="2017-10-23T14:00:33Z" finished-at="2017-10-23T14:00:33Z">
          <reporter-output>
          </reporter-output>
        </test-method> <!-- case_15 -->
        <test-method status="SKIP" signature="case_16()[pri:0, instance:TestCases.TestUnitDemo@6cc4c815]" name="case_16" duration-ms="2" started-at="2017-10-23T14:00:33Z" finished-at="2017-10-23T14:00:33Z">
          <reporter-output>
          </reporter-output>
        </test-method> <!-- case_16 -->
        <test-method status="SKIP" signature="after()[pri:0, instance:TestCases.TestUnitDemo@6cc4c815]" name="after" is-config="true" duration-ms="0" started-at="2017-10-23T14:00:33Z" finished-at="2017-10-23T14:00:33Z">
          <reporter-output>
          </reporter-output>
        </test-method> <!-- after -->
      </class> <!-- TestCases.TestUnitDemo -->
    </test> <!-- Default test -->
  </suite> <!-- Default suite -->
</testng-results>
